{"/Users/anortef/workspace/semaforo/packages/domain/src/index.ts": {"path":"/Users/anortef/workspace/semaforo/packages/domain/src/index.ts","all":true,"statementMap":{"0":{"start":{"line":1,"column":0},"end":{"line":1,"column":60}},"3":{"start":{"line":4,"column":0},"end":{"line":4,"column":52}},"6":{"start":{"line":7,"column":0},"end":{"line":7,"column":46}},"9":{"start":{"line":10,"column":0},"end":{"line":10,"column":81}},"12":{"start":{"line":13,"column":0},"end":{"line":13,"column":66}},"18":{"start":{"line":19,"column":0},"end":{"line":19,"column":81}},"21":{"start":{"line":22,"column":0},"end":{"line":22,"column":66}},"24":{"start":{"line":25,"column":0},"end":{"line":25,"column":66}},"27":{"start":{"line":28,"column":0},"end":{"line":28,"column":58}}},"s":{"0":0,"3":0,"6":0,"9":0,"12":0,"18":0,"21":0,"24":0,"27":0},"branchMap":{"0":{"type":"branch","line":1,"loc":{"start":{"line":1,"column":2000},"end":{"line":39,"column":81}},"locations":[{"start":{"line":1,"column":2000},"end":{"line":39,"column":81}}]}},"b":{"0":[0]},"fnMap":{"0":{"name":"(empty-report)","decl":{"start":{"line":1,"column":2000},"end":{"line":39,"column":81}},"loc":{"start":{"line":1,"column":2000},"end":{"line":39,"column":81}},"line":1}},"f":{"0":0}}
,"/Users/anortef/workspace/semaforo/packages/domain/src/entities/ApiKey.ts": {"path":"/Users/anortef/workspace/semaforo/packages/domain/src/entities/ApiKey.ts","all":false,"statementMap":{"12":{"start":{"line":13,"column":0},"end":{"line":13,"column":38}},"17":{"start":{"line":18,"column":0},"end":{"line":18,"column":12}},"18":{"start":{"line":19,"column":0},"end":{"line":19,"column":40}},"19":{"start":{"line":20,"column":0},"end":{"line":20,"column":52}},"20":{"start":{"line":21,"column":0},"end":{"line":21,"column":3}},"21":{"start":{"line":22,"column":0},"end":{"line":22,"column":32}},"22":{"start":{"line":23,"column":0},"end":{"line":23,"column":53}},"23":{"start":{"line":24,"column":0},"end":{"line":24,"column":3}},"24":{"start":{"line":25,"column":0},"end":{"line":25,"column":10}},"25":{"start":{"line":26,"column":0},"end":{"line":26,"column":29}},"26":{"start":{"line":27,"column":0},"end":{"line":27,"column":40}},"27":{"start":{"line":28,"column":0},"end":{"line":28,"column":29}},"28":{"start":{"line":29,"column":0},"end":{"line":29,"column":20}},"29":{"start":{"line":30,"column":0},"end":{"line":30,"column":26}},"30":{"start":{"line":31,"column":0},"end":{"line":31,"column":4}},"31":{"start":{"line":32,"column":0},"end":{"line":32,"column":1}}},"s":{"12":1,"17":3,"18":3,"19":1,"20":1,"21":3,"22":1,"23":1,"24":1,"25":1,"26":1,"27":1,"28":1,"29":1,"30":1,"31":1},"branchMap":{"0":{"type":"branch","line":13,"loc":{"start":{"line":13,"column":7},"end":{"line":32,"column":1}},"locations":[{"start":{"line":13,"column":7},"end":{"line":32,"column":1}}]},"1":{"type":"branch","line":19,"loc":{"start":{"line":19,"column":39},"end":{"line":21,"column":3}},"locations":[{"start":{"line":19,"column":39},"end":{"line":21,"column":3}}]},"2":{"type":"branch","line":21,"loc":{"start":{"line":21,"column":2},"end":{"line":22,"column":31}},"locations":[{"start":{"line":21,"column":2},"end":{"line":22,"column":31}}]},"3":{"type":"branch","line":22,"loc":{"start":{"line":22,"column":31},"end":{"line":32,"column":1}},"locations":[{"start":{"line":22,"column":31},"end":{"line":32,"column":1}}]}},"b":{"0":[3],"1":[1],"2":[2],"3":[1]},"fnMap":{"0":{"name":"createApiKey","decl":{"start":{"line":13,"column":7},"end":{"line":32,"column":1}},"loc":{"start":{"line":13,"column":7},"end":{"line":32,"column":1}},"line":13}},"f":{"0":3}}
,"/Users/anortef/workspace/semaforo/packages/domain/src/entities/App.ts": {"path":"/Users/anortef/workspace/semaforo/packages/domain/src/entities/App.ts","all":false,"statementMap":{"12":{"start":{"line":13,"column":0},"end":{"line":13,"column":53}},"14":{"start":{"line":15,"column":0},"end":{"line":15,"column":35}},"19":{"start":{"line":20,"column":0},"end":{"line":20,"column":9}},"20":{"start":{"line":21,"column":0},"end":{"line":21,"column":40}},"21":{"start":{"line":22,"column":0},"end":{"line":22,"column":48}},"22":{"start":{"line":23,"column":0},"end":{"line":23,"column":3}},"23":{"start":{"line":24,"column":0},"end":{"line":24,"column":40}},"24":{"start":{"line":25,"column":0},"end":{"line":25,"column":20}},"25":{"start":{"line":26,"column":0},"end":{"line":26,"column":98}},"26":{"start":{"line":27,"column":0},"end":{"line":27,"column":6}},"27":{"start":{"line":28,"column":0},"end":{"line":28,"column":3}},"28":{"start":{"line":29,"column":0},"end":{"line":29,"column":10}},"29":{"start":{"line":30,"column":0},"end":{"line":30,"column":29}},"30":{"start":{"line":31,"column":0},"end":{"line":31,"column":29}},"31":{"start":{"line":32,"column":0},"end":{"line":32,"column":20}},"32":{"start":{"line":33,"column":0},"end":{"line":33,"column":42}},"33":{"start":{"line":34,"column":0},"end":{"line":34,"column":26}},"34":{"start":{"line":35,"column":0},"end":{"line":35,"column":4}},"35":{"start":{"line":36,"column":0},"end":{"line":36,"column":1}}},"s":{"12":1,"14":1,"19":5,"20":5,"21":1,"22":1,"23":5,"24":2,"25":2,"26":2,"27":2,"28":2,"29":2,"30":2,"31":2,"32":5,"33":5,"34":5,"35":5},"branchMap":{"0":{"type":"branch","line":15,"loc":{"start":{"line":15,"column":7},"end":{"line":36,"column":1}},"locations":[{"start":{"line":15,"column":7},"end":{"line":36,"column":1}}]},"1":{"type":"branch","line":21,"loc":{"start":{"line":21,"column":39},"end":{"line":23,"column":3}},"locations":[{"start":{"line":21,"column":39},"end":{"line":23,"column":3}}]},"2":{"type":"branch","line":23,"loc":{"start":{"line":23,"column":2},"end":{"line":24,"column":39}},"locations":[{"start":{"line":23,"column":2},"end":{"line":24,"column":39}}]},"3":{"type":"branch","line":24,"loc":{"start":{"line":24,"column":39},"end":{"line":33,"column":39}},"locations":[{"start":{"line":24,"column":39},"end":{"line":33,"column":39}}]},"4":{"type":"branch","line":33,"loc":{"start":{"line":33,"column":24},"end":{"line":33,"column":42}},"locations":[{"start":{"line":33,"column":24},"end":{"line":33,"column":42}}]}},"b":{"0":[5],"1":[1],"2":[4],"3":[2],"4":[1]},"fnMap":{"0":{"name":"createApp","decl":{"start":{"line":15,"column":7},"end":{"line":36,"column":1}},"loc":{"start":{"line":15,"column":7},"end":{"line":36,"column":1}},"line":15}},"f":{"0":5}}
,"/Users/anortef/workspace/semaforo/packages/domain/src/entities/AppMember.ts": {"path":"/Users/anortef/workspace/semaforo/packages/domain/src/entities/AppMember.ts","all":false,"statementMap":{"6":{"start":{"line":7,"column":0},"end":{"line":7,"column":95}},"16":{"start":{"line":17,"column":0},"end":{"line":17,"column":41}},"21":{"start":{"line":22,"column":0},"end":{"line":22,"column":15}},"22":{"start":{"line":23,"column":0},"end":{"line":23,"column":39}},"23":{"start":{"line":24,"column":0},"end":{"line":24,"column":31}},"24":{"start":{"line":25,"column":0},"end":{"line":25,"column":56}},"25":{"start":{"line":26,"column":0},"end":{"line":26,"column":3}},"26":{"start":{"line":27,"column":0},"end":{"line":27,"column":10}},"27":{"start":{"line":28,"column":0},"end":{"line":28,"column":29}},"28":{"start":{"line":29,"column":0},"end":{"line":29,"column":24}},"29":{"start":{"line":30,"column":0},"end":{"line":30,"column":26}},"30":{"start":{"line":31,"column":0},"end":{"line":31,"column":9}},"31":{"start":{"line":32,"column":0},"end":{"line":32,"column":26}},"32":{"start":{"line":33,"column":0},"end":{"line":33,"column":4}},"33":{"start":{"line":34,"column":0},"end":{"line":34,"column":1}}},"s":{"6":1,"16":1,"21":4,"22":4,"23":4,"24":1,"25":1,"26":3,"27":3,"28":3,"29":3,"30":3,"31":3,"32":3,"33":3},"branchMap":{"0":{"type":"branch","line":17,"loc":{"start":{"line":17,"column":7},"end":{"line":34,"column":1}},"locations":[{"start":{"line":17,"column":7},"end":{"line":34,"column":1}}]},"1":{"type":"branch","line":23,"loc":{"start":{"line":23,"column":22},"end":{"line":23,"column":39}},"locations":[{"start":{"line":23,"column":22},"end":{"line":23,"column":39}}]},"2":{"type":"branch","line":24,"loc":{"start":{"line":24,"column":30},"end":{"line":26,"column":3}},"locations":[{"start":{"line":24,"column":30},"end":{"line":26,"column":3}}]},"3":{"type":"branch","line":26,"loc":{"start":{"line":26,"column":2},"end":{"line":34,"column":1}},"locations":[{"start":{"line":26,"column":2},"end":{"line":34,"column":1}}]}},"b":{"0":[4],"1":[1],"2":[1],"3":[3]},"fnMap":{"0":{"name":"createAppMember","decl":{"start":{"line":17,"column":7},"end":{"line":34,"column":1}},"loc":{"start":{"line":17,"column":7},"end":{"line":34,"column":1}},"line":17}},"f":{"0":4}}
,"/Users/anortef/workspace/semaforo/packages/domain/src/entities/AuditLogEntry.ts": {"path":"/Users/anortef/workspace/semaforo/packages/domain/src/entities/AuditLogEntry.ts","all":false,"statementMap":{"14":{"start":{"line":15,"column":0},"end":{"line":15,"column":45}},"21":{"start":{"line":22,"column":0},"end":{"line":22,"column":19}},"22":{"start":{"line":23,"column":0},"end":{"line":23,"column":42}},"23":{"start":{"line":24,"column":0},"end":{"line":24,"column":52}},"24":{"start":{"line":25,"column":0},"end":{"line":25,"column":3}},"25":{"start":{"line":26,"column":0},"end":{"line":26,"column":10}},"26":{"start":{"line":27,"column":0},"end":{"line":27,"column":29}},"27":{"start":{"line":28,"column":0},"end":{"line":28,"column":26}},"28":{"start":{"line":29,"column":0},"end":{"line":29,"column":26}},"29":{"start":{"line":30,"column":0},"end":{"line":30,"column":38}},"30":{"start":{"line":31,"column":0},"end":{"line":31,"column":34}},"31":{"start":{"line":32,"column":0},"end":{"line":32,"column":36}},"32":{"start":{"line":33,"column":0},"end":{"line":33,"column":26}},"33":{"start":{"line":34,"column":0},"end":{"line":34,"column":4}},"34":{"start":{"line":35,"column":0},"end":{"line":35,"column":1}}},"s":{"14":1,"21":4,"22":4,"23":1,"24":1,"25":3,"26":3,"27":3,"28":3,"29":3,"30":3,"31":4,"32":4,"33":4,"34":4},"branchMap":{"0":{"type":"branch","line":15,"loc":{"start":{"line":15,"column":7},"end":{"line":35,"column":1}},"locations":[{"start":{"line":15,"column":7},"end":{"line":35,"column":1}}]},"1":{"type":"branch","line":23,"loc":{"start":{"line":23,"column":41},"end":{"line":25,"column":3}},"locations":[{"start":{"line":23,"column":41},"end":{"line":25,"column":3}}]},"2":{"type":"branch","line":25,"loc":{"start":{"line":25,"column":2},"end":{"line":32,"column":31}},"locations":[{"start":{"line":25,"column":2},"end":{"line":32,"column":31}}]},"3":{"type":"branch","line":32,"loc":{"start":{"line":32,"column":20},"end":{"line":32,"column":36}},"locations":[{"start":{"line":32,"column":20},"end":{"line":32,"column":36}}]}},"b":{"0":[4],"1":[1],"2":[3],"3":[1]},"fnMap":{"0":{"name":"createAuditLogEntry","decl":{"start":{"line":15,"column":7},"end":{"line":35,"column":1}},"loc":{"start":{"line":15,"column":7},"end":{"line":35,"column":1}},"line":15}},"f":{"0":4}}
,"/Users/anortef/workspace/semaforo/packages/domain/src/entities/Environment.ts": {"path":"/Users/anortef/workspace/semaforo/packages/domain/src/entities/Environment.ts","all":false,"statementMap":{"13":{"start":{"line":14,"column":0},"end":{"line":14,"column":53}},"14":{"start":{"line":15,"column":0},"end":{"line":15,"column":51}},"16":{"start":{"line":17,"column":0},"end":{"line":17,"column":43}},"22":{"start":{"line":23,"column":0},"end":{"line":23,"column":17}},"23":{"start":{"line":24,"column":0},"end":{"line":24,"column":40}},"24":{"start":{"line":25,"column":0},"end":{"line":25,"column":56}},"25":{"start":{"line":26,"column":0},"end":{"line":26,"column":3}},"26":{"start":{"line":27,"column":0},"end":{"line":27,"column":40}},"27":{"start":{"line":28,"column":0},"end":{"line":28,"column":20}},"28":{"start":{"line":29,"column":0},"end":{"line":29,"column":67}},"29":{"start":{"line":30,"column":0},"end":{"line":30,"column":6}},"30":{"start":{"line":31,"column":0},"end":{"line":31,"column":3}},"31":{"start":{"line":32,"column":0},"end":{"line":32,"column":66}},"32":{"start":{"line":33,"column":0},"end":{"line":33,"column":31}},"33":{"start":{"line":34,"column":0},"end":{"line":34,"column":69}},"34":{"start":{"line":35,"column":0},"end":{"line":35,"column":3}},"35":{"start":{"line":36,"column":0},"end":{"line":36,"column":10}},"36":{"start":{"line":37,"column":0},"end":{"line":37,"column":29}},"37":{"start":{"line":38,"column":0},"end":{"line":38,"column":24}},"38":{"start":{"line":39,"column":0},"end":{"line":39,"column":29}},"39":{"start":{"line":40,"column":0},"end":{"line":40,"column":20}},"40":{"start":{"line":41,"column":0},"end":{"line":41,"column":25}},"41":{"start":{"line":42,"column":0},"end":{"line":42,"column":26}},"42":{"start":{"line":43,"column":0},"end":{"line":43,"column":4}},"43":{"start":{"line":44,"column":0},"end":{"line":44,"column":1}},"45":{"start":{"line":46,"column":0},"end":{"line":46,"column":34}},"46":{"start":{"line":47,"column":0},"end":{"line":47,"column":19}},"47":{"start":{"line":48,"column":0},"end":{"line":48,"column":54}},"48":{"start":{"line":49,"column":0},"end":{"line":49,"column":16}},"49":{"start":{"line":50,"column":0},"end":{"line":50,"column":71}},"50":{"start":{"line":51,"column":0},"end":{"line":51,"column":56}},"51":{"start":{"line":52,"column":0},"end":{"line":52,"column":3}},"52":{"start":{"line":53,"column":0},"end":{"line":53,"column":46}},"53":{"start":{"line":54,"column":0},"end":{"line":54,"column":73}},"54":{"start":{"line":55,"column":0},"end":{"line":55,"column":71}},"55":{"start":{"line":56,"column":0},"end":{"line":56,"column":5}},"56":{"start":{"line":57,"column":0},"end":{"line":57,"column":3}},"57":{"start":{"line":58,"column":0},"end":{"line":58,"column":10}},"58":{"start":{"line":59,"column":0},"end":{"line":59,"column":11}},"59":{"start":{"line":60,"column":0},"end":{"line":60,"column":70}},"60":{"start":{"line":61,"column":0},"end":{"line":61,"column":68}},"61":{"start":{"line":62,"column":0},"end":{"line":62,"column":4}},"62":{"start":{"line":63,"column":0},"end":{"line":63,"column":1}}},"s":{"13":1,"14":1,"16":1,"22":9,"23":9,"24":1,"25":1,"26":9,"27":1,"28":1,"29":1,"30":1,"31":9,"32":9,"33":1,"34":1,"35":6,"36":6,"37":6,"38":6,"39":6,"40":6,"41":6,"42":6,"43":6,"45":1,"46":3,"47":3,"48":3,"49":3,"50":0,"51":0,"52":3,"53":2,"54":1,"55":1,"56":2,"57":2,"58":2,"59":3,"60":3,"61":3,"62":3},"branchMap":{"0":{"type":"branch","line":17,"loc":{"start":{"line":17,"column":7},"end":{"line":44,"column":1}},"locations":[{"start":{"line":17,"column":7},"end":{"line":44,"column":1}}]},"1":{"type":"branch","line":24,"loc":{"start":{"line":24,"column":39},"end":{"line":26,"column":3}},"locations":[{"start":{"line":24,"column":39},"end":{"line":26,"column":3}}]},"2":{"type":"branch","line":26,"loc":{"start":{"line":26,"column":2},"end":{"line":27,"column":39}},"locations":[{"start":{"line":26,"column":2},"end":{"line":27,"column":39}}]},"3":{"type":"branch","line":27,"loc":{"start":{"line":27,"column":39},"end":{"line":31,"column":3}},"locations":[{"start":{"line":27,"column":39},"end":{"line":31,"column":3}}]},"4":{"type":"branch","line":31,"loc":{"start":{"line":31,"column":2},"end":{"line":32,"column":40}},"locations":[{"start":{"line":31,"column":2},"end":{"line":32,"column":40}}]},"5":{"type":"branch","line":32,"loc":{"start":{"line":32,"column":21},"end":{"line":32,"column":66}},"locations":[{"start":{"line":32,"column":21},"end":{"line":32,"column":66}}]},"6":{"type":"branch","line":33,"loc":{"start":{"line":33,"column":12},"end":{"line":33,"column":30}},"locations":[{"start":{"line":33,"column":12},"end":{"line":33,"column":30}}]},"7":{"type":"branch","line":33,"loc":{"start":{"line":33,"column":30},"end":{"line":35,"column":3}},"locations":[{"start":{"line":33,"column":30},"end":{"line":35,"column":3}}]},"8":{"type":"branch","line":35,"loc":{"start":{"line":35,"column":2},"end":{"line":44,"column":1}},"locations":[{"start":{"line":35,"column":2},"end":{"line":44,"column":1}}]},"9":{"type":"branch","line":46,"loc":{"start":{"line":46,"column":7},"end":{"line":63,"column":1}},"locations":[{"start":{"line":46,"column":7},"end":{"line":63,"column":1}}]},"10":{"type":"branch","line":50,"loc":{"start":{"line":50,"column":23},"end":{"line":50,"column":70}},"locations":[{"start":{"line":50,"column":23},"end":{"line":50,"column":70}}]},"11":{"type":"branch","line":50,"loc":{"start":{"line":50,"column":70},"end":{"line":52,"column":3}},"locations":[{"start":{"line":50,"column":70},"end":{"line":52,"column":3}}]},"12":{"type":"branch","line":53,"loc":{"start":{"line":53,"column":45},"end":{"line":60,"column":39}},"locations":[{"start":{"line":53,"column":45},"end":{"line":60,"column":39}}]},"13":{"type":"branch","line":54,"loc":{"start":{"line":54,"column":34},"end":{"line":54,"column":72}},"locations":[{"start":{"line":54,"column":34},"end":{"line":54,"column":72}}]},"14":{"type":"branch","line":54,"loc":{"start":{"line":54,"column":72},"end":{"line":56,"column":5}},"locations":[{"start":{"line":54,"column":72},"end":{"line":56,"column":5}}]},"15":{"type":"branch","line":60,"loc":{"start":{"line":60,"column":27},"end":{"line":60,"column":61}},"locations":[{"start":{"line":60,"column":27},"end":{"line":60,"column":61}}]},"16":{"type":"branch","line":60,"loc":{"start":{"line":60,"column":57},"end":{"line":60,"column":70}},"locations":[{"start":{"line":60,"column":57},"end":{"line":60,"column":70}}]},"17":{"type":"branch","line":61,"loc":{"start":{"line":61,"column":29},"end":{"line":61,"column":68}},"locations":[{"start":{"line":61,"column":29},"end":{"line":61,"column":68}}]}},"b":{"0":[9],"1":[1],"2":[8],"3":[1],"4":[7],"5":[4],"6":[7],"7":[1],"8":[6],"9":[3],"10":[1],"11":[0],"12":[2],"13":[1],"14":[1],"15":[1],"16":[1],"17":[1]},"fnMap":{"0":{"name":"createEnvironment","decl":{"start":{"line":17,"column":7},"end":{"line":44,"column":1}},"loc":{"start":{"line":17,"column":7},"end":{"line":44,"column":1}},"line":17},"1":{"name":"updateEnvironment","decl":{"start":{"line":46,"column":7},"end":{"line":63,"column":1}},"loc":{"start":{"line":46,"column":7},"end":{"line":63,"column":1}},"line":46}},"f":{"0":9,"1":3}}
,"/Users/anortef/workspace/semaforo/packages/domain/src/entities/FeatureToggle.ts": {"path":"/Users/anortef/workspace/semaforo/packages/domain/src/entities/FeatureToggle.ts","all":false,"statementMap":{"13":{"start":{"line":14,"column":0},"end":{"line":14,"column":50}},"15":{"start":{"line":16,"column":0},"end":{"line":16,"column":45}},"21":{"start":{"line":22,"column":0},"end":{"line":22,"column":19}},"22":{"start":{"line":23,"column":0},"end":{"line":23,"column":40}},"23":{"start":{"line":24,"column":0},"end":{"line":24,"column":51}},"24":{"start":{"line":25,"column":0},"end":{"line":25,"column":3}},"25":{"start":{"line":26,"column":0},"end":{"line":26,"column":43}},"26":{"start":{"line":27,"column":0},"end":{"line":27,"column":20}},"27":{"start":{"line":28,"column":0},"end":{"line":28,"column":68}},"28":{"start":{"line":29,"column":0},"end":{"line":29,"column":6}},"29":{"start":{"line":30,"column":0},"end":{"line":30,"column":3}},"30":{"start":{"line":31,"column":0},"end":{"line":31,"column":10}},"31":{"start":{"line":32,"column":0},"end":{"line":32,"column":29}},"32":{"start":{"line":33,"column":0},"end":{"line":33,"column":24}},"33":{"start":{"line":34,"column":0},"end":{"line":34,"column":29}},"34":{"start":{"line":35,"column":0},"end":{"line":35,"column":20}},"35":{"start":{"line":36,"column":0},"end":{"line":36,"column":42}},"36":{"start":{"line":37,"column":0},"end":{"line":37,"column":26}},"37":{"start":{"line":38,"column":0},"end":{"line":38,"column":4}},"38":{"start":{"line":39,"column":0},"end":{"line":39,"column":1}}},"s":{"13":1,"15":1,"21":4,"22":4,"23":1,"24":1,"25":4,"26":2,"27":2,"28":2,"29":2,"30":1,"31":1,"32":1,"33":1,"34":1,"35":1,"36":4,"37":4,"38":4},"branchMap":{"0":{"type":"branch","line":16,"loc":{"start":{"line":16,"column":7},"end":{"line":39,"column":1}},"locations":[{"start":{"line":16,"column":7},"end":{"line":39,"column":1}}]},"1":{"type":"branch","line":23,"loc":{"start":{"line":23,"column":39},"end":{"line":25,"column":3}},"locations":[{"start":{"line":23,"column":39},"end":{"line":25,"column":3}}]},"2":{"type":"branch","line":25,"loc":{"start":{"line":25,"column":2},"end":{"line":26,"column":42}},"locations":[{"start":{"line":25,"column":2},"end":{"line":26,"column":42}}]},"3":{"type":"branch","line":26,"loc":{"start":{"line":26,"column":42},"end":{"line":30,"column":3}},"locations":[{"start":{"line":26,"column":42},"end":{"line":30,"column":3}}]},"4":{"type":"branch","line":30,"loc":{"start":{"line":30,"column":2},"end":{"line":36,"column":42}},"locations":[{"start":{"line":30,"column":2},"end":{"line":36,"column":42}}]}},"b":{"0":[4],"1":[1],"2":[3],"3":[2],"4":[1]},"fnMap":{"0":{"name":"createFeatureToggle","decl":{"start":{"line":16,"column":7},"end":{"line":39,"column":1}},"loc":{"start":{"line":16,"column":7},"end":{"line":39,"column":1}},"line":16}},"f":{"0":4}}
,"/Users/anortef/workspace/semaforo/packages/domain/src/entities/SystemSetting.ts": {"path":"/Users/anortef/workspace/semaforo/packages/domain/src/entities/SystemSetting.ts","all":false,"statementMap":{"11":{"start":{"line":12,"column":0},"end":{"line":12,"column":45}},"15":{"start":{"line":16,"column":0},"end":{"line":16,"column":19}},"16":{"start":{"line":17,"column":0},"end":{"line":17,"column":39}},"17":{"start":{"line":18,"column":0},"end":{"line":18,"column":51}},"18":{"start":{"line":19,"column":0},"end":{"line":19,"column":3}},"19":{"start":{"line":20,"column":0},"end":{"line":20,"column":34}},"20":{"start":{"line":21,"column":0},"end":{"line":21,"column":53}},"21":{"start":{"line":22,"column":0},"end":{"line":22,"column":3}},"22":{"start":{"line":23,"column":0},"end":{"line":23,"column":10}},"23":{"start":{"line":24,"column":0},"end":{"line":24,"column":29}},"24":{"start":{"line":25,"column":0},"end":{"line":25,"column":27}},"25":{"start":{"line":26,"column":0},"end":{"line":26,"column":24}},"26":{"start":{"line":27,"column":0},"end":{"line":27,"column":26}},"27":{"start":{"line":28,"column":0},"end":{"line":28,"column":4}},"28":{"start":{"line":29,"column":0},"end":{"line":29,"column":1}}},"s":{"11":1,"15":4,"16":4,"17":1,"18":1,"19":4,"20":1,"21":1,"22":2,"23":2,"24":2,"25":2,"26":2,"27":2,"28":2},"branchMap":{"0":{"type":"branch","line":12,"loc":{"start":{"line":12,"column":7},"end":{"line":29,"column":1}},"locations":[{"start":{"line":12,"column":7},"end":{"line":29,"column":1}}]},"1":{"type":"branch","line":17,"loc":{"start":{"line":17,"column":38},"end":{"line":19,"column":3}},"locations":[{"start":{"line":17,"column":38},"end":{"line":19,"column":3}}]},"2":{"type":"branch","line":19,"loc":{"start":{"line":19,"column":2},"end":{"line":20,"column":33}},"locations":[{"start":{"line":19,"column":2},"end":{"line":20,"column":33}}]},"3":{"type":"branch","line":20,"loc":{"start":{"line":20,"column":33},"end":{"line":22,"column":3}},"locations":[{"start":{"line":20,"column":33},"end":{"line":22,"column":3}}]},"4":{"type":"branch","line":22,"loc":{"start":{"line":22,"column":2},"end":{"line":29,"column":1}},"locations":[{"start":{"line":22,"column":2},"end":{"line":29,"column":1}}]}},"b":{"0":[4],"1":[1],"2":[3],"3":[1],"4":[2]},"fnMap":{"0":{"name":"createSystemSetting","decl":{"start":{"line":12,"column":7},"end":{"line":29,"column":1}},"loc":{"start":{"line":12,"column":7},"end":{"line":29,"column":1}},"line":12}},"f":{"0":4}}
,"/Users/anortef/workspace/semaforo/packages/domain/src/entities/ToggleValue.ts": {"path":"/Users/anortef/workspace/semaforo/packages/domain/src/entities/ToggleValue.ts","all":false,"statementMap":{"12":{"start":{"line":13,"column":0},"end":{"line":13,"column":43}},"17":{"start":{"line":18,"column":0},"end":{"line":18,"column":17}},"18":{"start":{"line":19,"column":0},"end":{"line":19,"column":10}},"19":{"start":{"line":20,"column":0},"end":{"line":20,"column":29}},"20":{"start":{"line":21,"column":0},"end":{"line":21,"column":30}},"21":{"start":{"line":22,"column":0},"end":{"line":22,"column":40}},"22":{"start":{"line":23,"column":0},"end":{"line":23,"column":37}},"23":{"start":{"line":24,"column":0},"end":{"line":24,"column":26}},"24":{"start":{"line":25,"column":0},"end":{"line":25,"column":4}},"25":{"start":{"line":26,"column":0},"end":{"line":26,"column":1}},"27":{"start":{"line":28,"column":0},"end":{"line":28,"column":34}},"28":{"start":{"line":29,"column":0},"end":{"line":29,"column":27}},"29":{"start":{"line":30,"column":0},"end":{"line":30,"column":18}},"30":{"start":{"line":31,"column":0},"end":{"line":31,"column":16}},"31":{"start":{"line":32,"column":0},"end":{"line":32,"column":10}},"32":{"start":{"line":33,"column":0},"end":{"line":33,"column":19}},"33":{"start":{"line":34,"column":0},"end":{"line":34,"column":12}},"34":{"start":{"line":35,"column":0},"end":{"line":35,"column":26}},"35":{"start":{"line":36,"column":0},"end":{"line":36,"column":4}},"36":{"start":{"line":37,"column":0},"end":{"line":37,"column":1}}},"s":{"12":1,"17":3,"18":3,"19":3,"20":3,"21":3,"22":3,"23":3,"24":3,"25":3,"27":1,"28":1,"29":1,"30":1,"31":1,"32":1,"33":1,"34":1,"35":1,"36":1},"branchMap":{"0":{"type":"branch","line":13,"loc":{"start":{"line":13,"column":7},"end":{"line":26,"column":1}},"locations":[{"start":{"line":13,"column":7},"end":{"line":26,"column":1}}]},"1":{"type":"branch","line":23,"loc":{"start":{"line":23,"column":20},"end":{"line":23,"column":37}},"locations":[{"start":{"line":23,"column":20},"end":{"line":23,"column":37}}]},"2":{"type":"branch","line":28,"loc":{"start":{"line":28,"column":7},"end":{"line":37,"column":1}},"locations":[{"start":{"line":28,"column":7},"end":{"line":37,"column":1}}]}},"b":{"0":[3],"1":[2],"2":[1]},"fnMap":{"0":{"name":"createToggleValue","decl":{"start":{"line":13,"column":7},"end":{"line":26,"column":1}},"loc":{"start":{"line":13,"column":7},"end":{"line":26,"column":1}},"line":13},"1":{"name":"updateToggleValue","decl":{"start":{"line":28,"column":7},"end":{"line":37,"column":1}},"loc":{"start":{"line":28,"column":7},"end":{"line":37,"column":1}},"line":28}},"f":{"0":3,"1":1}}
,"/Users/anortef/workspace/semaforo/packages/domain/src/entities/User.ts": {"path":"/Users/anortef/workspace/semaforo/packages/domain/src/entities/User.ts","all":false,"statementMap":{"6":{"start":{"line":7,"column":0},"end":{"line":7,"column":78}},"19":{"start":{"line":20,"column":0},"end":{"line":20,"column":36}},"25":{"start":{"line":26,"column":0},"end":{"line":26,"column":10}},"26":{"start":{"line":27,"column":0},"end":{"line":27,"column":36}},"27":{"start":{"line":28,"column":0},"end":{"line":28,"column":45}},"28":{"start":{"line":29,"column":0},"end":{"line":29,"column":3}},"29":{"start":{"line":30,"column":0},"end":{"line":30,"column":40}},"30":{"start":{"line":31,"column":0},"end":{"line":31,"column":44}},"31":{"start":{"line":32,"column":0},"end":{"line":32,"column":3}},"32":{"start":{"line":33,"column":0},"end":{"line":33,"column":37}},"33":{"start":{"line":34,"column":0},"end":{"line":34,"column":31}},"34":{"start":{"line":35,"column":0},"end":{"line":35,"column":45}},"35":{"start":{"line":36,"column":0},"end":{"line":36,"column":3}},"36":{"start":{"line":37,"column":0},"end":{"line":37,"column":25}},"37":{"start":{"line":38,"column":0},"end":{"line":38,"column":10}},"38":{"start":{"line":39,"column":0},"end":{"line":39,"column":29}},"39":{"start":{"line":40,"column":0},"end":{"line":40,"column":38}},"40":{"start":{"line":41,"column":0},"end":{"line":41,"column":29}},"41":{"start":{"line":42,"column":0},"end":{"line":42,"column":38}},"42":{"start":{"line":43,"column":0},"end":{"line":43,"column":9}},"43":{"start":{"line":44,"column":0},"end":{"line":44,"column":20}},"44":{"start":{"line":45,"column":0},"end":{"line":45,"column":19}},"45":{"start":{"line":46,"column":0},"end":{"line":46,"column":19}},"46":{"start":{"line":47,"column":0},"end":{"line":47,"column":4}},"47":{"start":{"line":48,"column":0},"end":{"line":48,"column":1}},"49":{"start":{"line":50,"column":0},"end":{"line":50,"column":27}},"50":{"start":{"line":51,"column":0},"end":{"line":51,"column":13}},"51":{"start":{"line":52,"column":0},"end":{"line":52,"column":12}},"57":{"start":{"line":58,"column":0},"end":{"line":58,"column":9}},"58":{"start":{"line":59,"column":0},"end":{"line":59,"column":10}},"59":{"start":{"line":60,"column":0},"end":{"line":60,"column":12}},"60":{"start":{"line":61,"column":0},"end":{"line":61,"column":36}},"61":{"start":{"line":62,"column":0},"end":{"line":62,"column":36}},"62":{"start":{"line":63,"column":0},"end":{"line":63,"column":48}},"63":{"start":{"line":64,"column":0},"end":{"line":64,"column":60}},"64":{"start":{"line":65,"column":0},"end":{"line":65,"column":26}},"65":{"start":{"line":66,"column":0},"end":{"line":66,"column":4}},"66":{"start":{"line":67,"column":0},"end":{"line":67,"column":1}}},"s":{"6":1,"19":1,"25":8,"26":8,"27":1,"28":1,"29":8,"30":1,"31":1,"32":8,"33":8,"34":1,"35":1,"36":5,"37":5,"38":5,"39":5,"40":5,"41":5,"42":5,"43":5,"44":5,"45":5,"46":5,"47":5,"49":1,"50":6,"51":6,"57":6,"58":6,"59":6,"60":6,"61":6,"62":6,"63":6,"64":6,"65":6,"66":6},"branchMap":{"0":{"type":"branch","line":20,"loc":{"start":{"line":20,"column":7},"end":{"line":48,"column":1}},"locations":[{"start":{"line":20,"column":7},"end":{"line":48,"column":1}}]},"1":{"type":"branch","line":27,"loc":{"start":{"line":27,"column":35},"end":{"line":29,"column":3}},"locations":[{"start":{"line":27,"column":35},"end":{"line":29,"column":3}}]},"2":{"type":"branch","line":29,"loc":{"start":{"line":29,"column":2},"end":{"line":30,"column":39}},"locations":[{"start":{"line":29,"column":2},"end":{"line":30,"column":39}}]},"3":{"type":"branch","line":30,"loc":{"start":{"line":30,"column":39},"end":{"line":32,"column":3}},"locations":[{"start":{"line":30,"column":39},"end":{"line":32,"column":3}}]},"4":{"type":"branch","line":32,"loc":{"start":{"line":32,"column":2},"end":{"line":33,"column":30}},"locations":[{"start":{"line":32,"column":2},"end":{"line":33,"column":30}}]},"5":{"type":"branch","line":33,"loc":{"start":{"line":33,"column":22},"end":{"line":33,"column":37}},"locations":[{"start":{"line":33,"column":22},"end":{"line":33,"column":37}}]},"6":{"type":"branch","line":34,"loc":{"start":{"line":34,"column":30},"end":{"line":36,"column":3}},"locations":[{"start":{"line":34,"column":30},"end":{"line":36,"column":3}}]},"7":{"type":"branch","line":36,"loc":{"start":{"line":36,"column":2},"end":{"line":48,"column":1}},"locations":[{"start":{"line":36,"column":2},"end":{"line":48,"column":1}}]},"8":{"type":"branch","line":50,"loc":{"start":{"line":50,"column":7},"end":{"line":67,"column":1}},"locations":[{"start":{"line":50,"column":7},"end":{"line":67,"column":1}}]},"9":{"type":"branch","line":61,"loc":{"start":{"line":61,"column":18},"end":{"line":61,"column":36}},"locations":[{"start":{"line":61,"column":18},"end":{"line":61,"column":36}}]},"10":{"type":"branch","line":62,"loc":{"start":{"line":62,"column":18},"end":{"line":62,"column":36}},"locations":[{"start":{"line":62,"column":18},"end":{"line":62,"column":36}}]},"11":{"type":"branch","line":63,"loc":{"start":{"line":63,"column":22},"end":{"line":63,"column":48}},"locations":[{"start":{"line":63,"column":22},"end":{"line":63,"column":48}}]},"12":{"type":"branch","line":64,"loc":{"start":{"line":64,"column":26},"end":{"line":64,"column":60}},"locations":[{"start":{"line":64,"column":26},"end":{"line":64,"column":60}}]}},"b":{"0":[8],"1":[1],"2":[7],"3":[1],"4":[6],"5":[3],"6":[1],"7":[5],"8":[6],"9":[3],"10":[5],"11":[5],"12":[5]},"fnMap":{"0":{"name":"createUser","decl":{"start":{"line":20,"column":7},"end":{"line":48,"column":1}},"loc":{"start":{"line":20,"column":7},"end":{"line":48,"column":1}},"line":20},"1":{"name":"updateUser","decl":{"start":{"line":50,"column":7},"end":{"line":67,"column":1}},"loc":{"start":{"line":50,"column":7},"end":{"line":67,"column":1}},"line":50}},"f":{"0":8,"1":6}}
,"/Users/anortef/workspace/semaforo/packages/domain/src/repositories/ApiKeyRepository.ts": {"path":"/Users/anortef/workspace/semaforo/packages/domain/src/repositories/ApiKeyRepository.ts","all":true,"statementMap":{},"s":{},"branchMap":{"0":{"type":"branch","line":1,"loc":{"start":{"line":1,"column":330},"end":{"line":9,"column":1}},"locations":[{"start":{"line":1,"column":330},"end":{"line":9,"column":1}}]}},"b":{"0":[1]},"fnMap":{"0":{"name":"(empty-report)","decl":{"start":{"line":1,"column":330},"end":{"line":9,"column":1}},"loc":{"start":{"line":1,"column":330},"end":{"line":9,"column":1}},"line":1}},"f":{"0":1}}
,"/Users/anortef/workspace/semaforo/packages/domain/src/repositories/AppMemberRepository.ts": {"path":"/Users/anortef/workspace/semaforo/packages/domain/src/repositories/AppMemberRepository.ts","all":true,"statementMap":{},"s":{},"branchMap":{"0":{"type":"branch","line":1,"loc":{"start":{"line":1,"column":418},"end":{"line":10,"column":1}},"locations":[{"start":{"line":1,"column":418},"end":{"line":10,"column":1}}]}},"b":{"0":[1]},"fnMap":{"0":{"name":"(empty-report)","decl":{"start":{"line":1,"column":418},"end":{"line":10,"column":1}},"loc":{"start":{"line":1,"column":418},"end":{"line":10,"column":1}},"line":1}},"f":{"0":1}}
,"/Users/anortef/workspace/semaforo/packages/domain/src/repositories/AppRepository.ts": {"path":"/Users/anortef/workspace/semaforo/packages/domain/src/repositories/AppRepository.ts","all":true,"statementMap":{},"s":{},"branchMap":{"0":{"type":"branch","line":1,"loc":{"start":{"line":1,"column":273},"end":{"line":9,"column":1}},"locations":[{"start":{"line":1,"column":273},"end":{"line":9,"column":1}}]}},"b":{"0":[1]},"fnMap":{"0":{"name":"(empty-report)","decl":{"start":{"line":1,"column":273},"end":{"line":9,"column":1}},"loc":{"start":{"line":1,"column":273},"end":{"line":9,"column":1}},"line":1}},"f":{"0":1}}
,"/Users/anortef/workspace/semaforo/packages/domain/src/repositories/AuditLogRepository.ts": {"path":"/Users/anortef/workspace/semaforo/packages/domain/src/repositories/AuditLogRepository.ts","all":true,"statementMap":{},"s":{},"branchMap":{"0":{"type":"branch","line":1,"loc":{"start":{"line":1,"column":364},"end":{"line":8,"column":1}},"locations":[{"start":{"line":1,"column":364},"end":{"line":8,"column":1}}]}},"b":{"0":[1]},"fnMap":{"0":{"name":"(empty-report)","decl":{"start":{"line":1,"column":364},"end":{"line":8,"column":1}},"loc":{"start":{"line":1,"column":364},"end":{"line":8,"column":1}},"line":1}},"f":{"0":1}}
,"/Users/anortef/workspace/semaforo/packages/domain/src/repositories/EnvironmentRepository.ts": {"path":"/Users/anortef/workspace/semaforo/packages/domain/src/repositories/EnvironmentRepository.ts","all":true,"statementMap":{},"s":{},"branchMap":{"0":{"type":"branch","line":1,"loc":{"start":{"line":1,"column":377},"end":{"line":9,"column":1}},"locations":[{"start":{"line":1,"column":377},"end":{"line":9,"column":1}}]}},"b":{"0":[1]},"fnMap":{"0":{"name":"(empty-report)","decl":{"start":{"line":1,"column":377},"end":{"line":9,"column":1}},"loc":{"start":{"line":1,"column":377},"end":{"line":9,"column":1}},"line":1}},"f":{"0":1}}
,"/Users/anortef/workspace/semaforo/packages/domain/src/repositories/FeatureToggleRepository.ts": {"path":"/Users/anortef/workspace/semaforo/packages/domain/src/repositories/FeatureToggleRepository.ts","all":true,"statementMap":{},"s":{},"branchMap":{"0":{"type":"branch","line":1,"loc":{"start":{"line":1,"column":386},"end":{"line":9,"column":1}},"locations":[{"start":{"line":1,"column":386},"end":{"line":9,"column":1}}]}},"b":{"0":[1]},"fnMap":{"0":{"name":"(empty-report)","decl":{"start":{"line":1,"column":386},"end":{"line":9,"column":1}},"loc":{"start":{"line":1,"column":386},"end":{"line":9,"column":1}},"line":1}},"f":{"0":1}}
,"/Users/anortef/workspace/semaforo/packages/domain/src/repositories/SystemSettingRepository.ts": {"path":"/Users/anortef/workspace/semaforo/packages/domain/src/repositories/SystemSettingRepository.ts","all":true,"statementMap":{},"s":{},"branchMap":{"0":{"type":"branch","line":1,"loc":{"start":{"line":1,"column":255},"end":{"line":7,"column":1}},"locations":[{"start":{"line":1,"column":255},"end":{"line":7,"column":1}}]}},"b":{"0":[1]},"fnMap":{"0":{"name":"(empty-report)","decl":{"start":{"line":1,"column":255},"end":{"line":7,"column":1}},"loc":{"start":{"line":1,"column":255},"end":{"line":7,"column":1}},"line":1}},"f":{"0":1}}
,"/Users/anortef/workspace/semaforo/packages/domain/src/repositories/ToggleValueRepository.ts": {"path":"/Users/anortef/workspace/semaforo/packages/domain/src/repositories/ToggleValueRepository.ts","all":true,"statementMap":{},"s":{},"branchMap":{"0":{"type":"branch","line":1,"loc":{"start":{"line":1,"column":368},"end":{"line":11,"column":1}},"locations":[{"start":{"line":1,"column":368},"end":{"line":11,"column":1}}]}},"b":{"0":[1]},"fnMap":{"0":{"name":"(empty-report)","decl":{"start":{"line":1,"column":368},"end":{"line":11,"column":1}},"loc":{"start":{"line":1,"column":368},"end":{"line":11,"column":1}},"line":1}},"f":{"0":1}}
,"/Users/anortef/workspace/semaforo/packages/domain/src/repositories/UserRepository.ts": {"path":"/Users/anortef/workspace/semaforo/packages/domain/src/repositories/UserRepository.ts","all":true,"statementMap":{},"s":{},"branchMap":{"0":{"type":"branch","line":1,"loc":{"start":{"line":1,"column":357},"end":{"line":10,"column":1}},"locations":[{"start":{"line":1,"column":357},"end":{"line":10,"column":1}}]}},"b":{"0":[1]},"fnMap":{"0":{"name":"(empty-report)","decl":{"start":{"line":1,"column":357},"end":{"line":10,"column":1}},"loc":{"start":{"line":1,"column":357},"end":{"line":10,"column":1}},"line":1}},"f":{"0":1}}
}
